  [1m[35m (1.6ms)[0m  [1m[34mSELECT sqlite_version(*)[0m
  [1m[36mAuthor Load (0.4ms)[0m  [1m[34mSELECT "authors".* FROM "authors" LIMIT ?[0m  [["LIMIT", 11]]
  [1m[35m (0.5ms)[0m  [1m[34mSELECT sqlite_version(*)[0m
  [1m[35m (2.1ms)[0m  [1m[35mCREATE TABLE "schema_migrations" ("version" varchar NOT NULL PRIMARY KEY)[0m
  [1m[35m (1.3ms)[0m  [1m[35mCREATE TABLE "ar_internal_metadata" ("key" varchar NOT NULL PRIMARY KEY, "value" varchar, "created_at" datetime(6) NOT NULL, "updated_at" datetime(6) NOT NULL)[0m
  [1m[35m (0.2ms)[0m  [1m[34mSELECT "schema_migrations"."version" FROM "schema_migrations" ORDER BY "schema_migrations"."version" ASC[0m
Migrating to CreateGenre (20200409192229)
  [1m[35m (0.0ms)[0m  [1m[36mbegin transaction[0m
  [1m[35m (0.4ms)[0m  [1m[35mCREATE TABLE "genres" ("id" integer PRIMARY KEY AUTOINCREMENT NOT NULL, "name" varchar)[0m
  [1m[36mprimary::SchemaMigration Create (0.2ms)[0m  [1m[32mINSERT INTO "schema_migrations" ("version") VALUES (?)[0m  [["version", "20200409192229"]]
  [1m[35m (1.5ms)[0m  [1m[36mcommit transaction[0m
Migrating to CreateBook (20200409192731)
  [1m[35m (0.1ms)[0m  [1m[36mbegin transaction[0m
  [1m[35m (0.5ms)[0m  [1m[35mCREATE TABLE "books" ("id" integer PRIMARY KEY AUTOINCREMENT NOT NULL, "name" varchar, "genre_id" integer)[0m
  [1m[36mprimary::SchemaMigration Create (0.8ms)[0m  [1m[32mINSERT INTO "schema_migrations" ("version") VALUES (?)[0m  [["version", "20200409192731"]]
  [1m[35m (1.2ms)[0m  [1m[36mcommit transaction[0m
Migrating to CreateAuthor (20200409192757)
  [1m[35m (0.2ms)[0m  [1m[36mbegin transaction[0m
  [1m[35m (0.6ms)[0m  [1m[35mCREATE TABLE "authors" ("id" integer PRIMARY KEY AUTOINCREMENT NOT NULL, "name" varchar)[0m
  [1m[36mprimary::SchemaMigration Create (3.3ms)[0m  [1m[32mINSERT INTO "schema_migrations" ("version") VALUES (?)[0m  [["version", "20200409192757"]]
  [1m[35m (4.5ms)[0m  [1m[36mcommit transaction[0m
Migrating to CreateContribution (20200409192821)
  [1m[35m (0.1ms)[0m  [1m[36mbegin transaction[0m
  [1m[35m (0.4ms)[0m  [1m[35mCREATE TABLE "contributions" ("id" integer PRIMARY KEY AUTOINCREMENT NOT NULL, "author_id" integer, "book_id" integer)[0m
  [1m[36mprimary::SchemaMigration Create (0.2ms)[0m  [1m[32mINSERT INTO "schema_migrations" ("version") VALUES (?)[0m  [["version", "20200409192821"]]
  [1m[35m (2.6ms)[0m  [1m[36mcommit transaction[0m
  [1m[36mActiveRecord::InternalMetadata Load (0.2ms)[0m  [1m[34mSELECT "ar_internal_metadata".* FROM "ar_internal_metadata" WHERE "ar_internal_metadata"."key" = ? LIMIT ?[0m  [["key", "environment"], ["LIMIT", 1]]
  [1m[35m (0.1ms)[0m  [1m[36mbegin transaction[0m
  [1m[36mActiveRecord::InternalMetadata Create (0.4ms)[0m  [1m[32mINSERT INTO "ar_internal_metadata" ("key", "value", "created_at", "updated_at") VALUES (?, ?, ?, ?)[0m  [["key", "environment"], ["value", "development"], ["created_at", "2020-04-09 19:51:11.364671"], ["updated_at", "2020-04-09 19:51:11.364671"]]
  [1m[35m (2.6ms)[0m  [1m[36mcommit transaction[0m
  [1m[35m (0.1ms)[0m  [1m[34mSELECT sqlite_version(*)[0m
  [1m[35m (0.2ms)[0m  [1m[34mSELECT "schema_migrations"."version" FROM "schema_migrations" ORDER BY "schema_migrations"."version" ASC[0m
  [1m[35m (0.4ms)[0m  [1m[34mSELECT sqlite_version(*)[0m
  [1m[36mAuthor Load (0.1ms)[0m  [1m[34mSELECT "authors".* FROM "authors" LIMIT ?[0m  [["LIMIT", 11]]
  [1m[35m (0.3ms)[0m  [1m[34mSELECT sqlite_version(*)[0m
  [1m[35m (0.2ms)[0m  [1m[34mSELECT "schema_migrations"."version" FROM "schema_migrations" ORDER BY "schema_migrations"."version" ASC[0m
  [1m[35m (0.0ms)[0m  [1m[34mSELECT sqlite_version(*)[0m
  [1m[36mBook Load (0.1ms)[0m  [1m[34mSELECT "books".* FROM "books"[0m
  [1m[36mAuthor Load (0.1ms)[0m  [1m[34mSELECT "authors".* FROM "authors"[0m
  [1m[36mContribution Load (0.1ms)[0m  [1m[34mSELECT "contributions".* FROM "contributions"[0m
  [1m[36mGenre Load (0.1ms)[0m  [1m[34mSELECT "genres".* FROM "genres"[0m
  [1m[35m (0.1ms)[0m  [1m[36mbegin transaction[0m
  [1m[36mAuthor Create (0.7ms)[0m  [1m[32mINSERT INTO "authors" ("name") VALUES (?)[0m  [["name", "Luvenia Larkin"]]
  [1m[35m (1.3ms)[0m  [1m[36mcommit transaction[0m
  [1m[35m (0.0ms)[0m  [1m[36mbegin transaction[0m
  [1m[36mAuthor Create (0.5ms)[0m  [1m[32mINSERT INTO "authors" ("name") VALUES (?)[0m  [["name", "Zula Kirlin"]]
  [1m[35m (0.8ms)[0m  [1m[36mcommit transaction[0m
  [1m[35m (0.0ms)[0m  [1m[36mbegin transaction[0m
  [1m[36mAuthor Create (0.3ms)[0m  [1m[32mINSERT INTO "authors" ("name") VALUES (?)[0m  [["name", "Thora Fritsch"]]
  [1m[35m (0.9ms)[0m  [1m[36mcommit transaction[0m
  [1m[35m (0.1ms)[0m  [1m[36mbegin transaction[0m
  [1m[36mAuthor Create (0.6ms)[0m  [1m[32mINSERT INTO "authors" ("name") VALUES (?)[0m  [["name", "Maud Schamberger"]]
  [1m[35m (1.0ms)[0m  [1m[36mcommit transaction[0m
  [1m[35m (0.0ms)[0m  [1m[36mbegin transaction[0m
  [1m[36mAuthor Create (0.4ms)[0m  [1m[32mINSERT INTO "authors" ("name") VALUES (?)[0m  [["name", "Tracey Abernathy"]]
  [1m[35m (1.3ms)[0m  [1m[36mcommit transaction[0m
  [1m[35m (0.0ms)[0m  [1m[36mbegin transaction[0m
  [1m[36mGenre Create (0.5ms)[0m  [1m[32mINSERT INTO "genres" ("name") VALUES (?)[0m  [["name", "Realistic fiction"]]
  [1m[35m (1.1ms)[0m  [1m[36mcommit transaction[0m
  [1m[35m (0.1ms)[0m  [1m[36mbegin transaction[0m
  [1m[36mGenre Create (0.4ms)[0m  [1m[32mINSERT INTO "genres" ("name") VALUES (?)[0m  [["name", "Fanfiction"]]
  [1m[35m (1.2ms)[0m  [1m[36mcommit transaction[0m
  [1m[35m (0.0ms)[0m  [1m[36mbegin transaction[0m
  [1m[36mGenre Create (0.9ms)[0m  [1m[32mINSERT INTO "genres" ("name") VALUES (?)[0m  [["name", "Fairy tale"]]
  [1m[35m (0.9ms)[0m  [1m[36mcommit transaction[0m
  [1m[35m (0.0ms)[0m  [1m[36mbegin transaction[0m
  [1m[36mGenre Create (0.3ms)[0m  [1m[32mINSERT INTO "genres" ("name") VALUES (?)[0m  [["name", "Mythology"]]
  [1m[35m (0.9ms)[0m  [1m[36mcommit transaction[0m
  [1m[35m (0.0ms)[0m  [1m[36mbegin transaction[0m
  [1m[36mGenre Create (0.3ms)[0m  [1m[32mINSERT INTO "genres" ("name") VALUES (?)[0m  [["name", "Crime/Detective"]]
  [1m[35m (1.0ms)[0m  [1m[36mcommit transaction[0m
  [1m[36mGenre Load (0.1ms)[0m  [1m[34mSELECT "genres".* FROM "genres"[0m
  [1m[36mGenre Load (0.1ms)[0m  [1m[34mSELECT "genres".* FROM "genres"[0m
  [1m[36mGenre Load (0.1ms)[0m  [1m[34mSELECT "genres".* FROM "genres"[0m
  [1m[36mGenre Load (0.1ms)[0m  [1m[34mSELECT "genres".* FROM "genres"[0m
  [1m[36mGenre Load (0.1ms)[0m  [1m[34mSELECT "genres".* FROM "genres"[0m
  [1m[36mGenre Load (0.1ms)[0m  [1m[34mSELECT "genres".* FROM "genres"[0m
  [1m[36mGenre Load (0.1ms)[0m  [1m[34mSELECT "genres".* FROM "genres"[0m
  [1m[36mGenre Load (0.1ms)[0m  [1m[34mSELECT "genres".* FROM "genres"[0m
  [1m[36mGenre Load (0.1ms)[0m  [1m[34mSELECT "genres".* FROM "genres"[0m
  [1m[36mGenre Load (0.1ms)[0m  [1m[34mSELECT "genres".* FROM "genres"[0m
  [1m[36mAuthor Load (0.1ms)[0m  [1m[34mSELECT "authors".* FROM "authors"[0m
  [1m[36mBook Load (0.1ms)[0m  [1m[34mSELECT "books".* FROM "books"[0m
  [1m[35m (0.9ms)[0m  [1m[34mSELECT sqlite_version(*)[0m
  [1m[35m (0.1ms)[0m  [1m[36mbegin transaction[0m
  [1m[36mAuthor Create (0.7ms)[0m  [1m[32mINSERT INTO "authors" ("name") VALUES (?)[0m  [["name", "Bryant"]]
  [1m[35m (3.1ms)[0m  [1m[36mcommit transaction[0m
  [1m[36mAuthor Load (0.2ms)[0m  [1m[34mSELECT "authors".* FROM "authors" LIMIT ?[0m  [["LIMIT", 11]]
  [1m[36mGenre Load (0.3ms)[0m  [1m[34mSELECT "genres".* FROM "genres" LIMIT ?[0m  [["LIMIT", 11]]
  [1m[36mBook Load (0.2ms)[0m  [1m[34mSELECT "books".* FROM "books" LIMIT ?[0m  [["LIMIT", 11]]
  [1m[36mGenre Load (0.4ms)[0m  [1m[34mSELECT "genres".* FROM "genres" LIMIT ?[0m  [["LIMIT", 11]]
  [1m[36mGenre Load (0.3ms)[0m  [1m[34mSELECT "genres".* FROM "genres"[0m
  [1m[36mGenre Load (0.1ms)[0m  [1m[34mSELECT "genres".* FROM "genres"[0m
  [1m[36mGenre Load (0.1ms)[0m  [1m[34mSELECT "genres".* FROM "genres"[0m
  [1m[36mGenre Load (0.1ms)[0m  [1m[34mSELECT "genres".* FROM "genres"[0m
  [1m[36mGenre Load (0.1ms)[0m  [1m[34mSELECT "genres".* FROM "genres"[0m
  [1m[36mGenre Load (0.2ms)[0m  [1m[34mSELECT "genres".* FROM "genres"[0m
  [1m[36mGenre Load (0.3ms)[0m  [1m[34mSELECT "genres".* FROM "genres"[0m
  [1m[36mGenre Load (0.1ms)[0m  [1m[34mSELECT "genres".* FROM "genres"[0m
  [1m[35m (0.4ms)[0m  [1m[34mSELECT sqlite_version(*)[0m
  [1m[35m (0.2ms)[0m  [1m[34mSELECT "schema_migrations"."version" FROM "schema_migrations" ORDER BY "schema_migrations"."version" ASC[0m
  [1m[35m (0.1ms)[0m  [1m[34mSELECT sqlite_version(*)[0m
  [1m[36mBook Load (0.1ms)[0m  [1m[34mSELECT "books".* FROM "books"[0m
  [1m[36mAuthor Load (0.2ms)[0m  [1m[34mSELECT "authors".* FROM "authors"[0m
  [1m[35m (0.1ms)[0m  [1m[36mbegin transaction[0m
  [1m[36mAuthor Destroy (0.4ms)[0m  [1m[31mDELETE FROM "authors" WHERE "authors"."id" = ?[0m  [["id", 1]]
  [1m[35m (1.0ms)[0m  [1m[36mcommit transaction[0m
  [1m[35m (0.0ms)[0m  [1m[36mbegin transaction[0m
  [1m[36mAuthor Destroy (0.4ms)[0m  [1m[31mDELETE FROM "authors" WHERE "authors"."id" = ?[0m  [["id", 2]]
  [1m[35m (1.4ms)[0m  [1m[36mcommit transaction[0m
  [1m[35m (0.0ms)[0m  [1m[36mbegin transaction[0m
  [1m[36mAuthor Destroy (0.3ms)[0m  [1m[31mDELETE FROM "authors" WHERE "authors"."id" = ?[0m  [["id", 3]]
  [1m[35m (1.0ms)[0m  [1m[36mcommit transaction[0m
  [1m[35m (0.0ms)[0m  [1m[36mbegin transaction[0m
  [1m[36mAuthor Destroy (0.3ms)[0m  [1m[31mDELETE FROM "authors" WHERE "authors"."id" = ?[0m  [["id", 4]]
  [1m[35m (0.7ms)[0m  [1m[36mcommit transaction[0m
  [1m[35m (0.0ms)[0m  [1m[36mbegin transaction[0m
  [1m[36mAuthor Destroy (0.3ms)[0m  [1m[31mDELETE FROM "authors" WHERE "authors"."id" = ?[0m  [["id", 5]]
  [1m[35m (0.8ms)[0m  [1m[36mcommit transaction[0m
  [1m[35m (0.1ms)[0m  [1m[36mbegin transaction[0m
  [1m[36mAuthor Destroy (0.3ms)[0m  [1m[31mDELETE FROM "authors" WHERE "authors"."id" = ?[0m  [["id", 6]]
  [1m[35m (1.2ms)[0m  [1m[36mcommit transaction[0m
  [1m[36mContribution Load (0.3ms)[0m  [1m[34mSELECT "contributions".* FROM "contributions"[0m
  [1m[36mGenre Load (0.2ms)[0m  [1m[34mSELECT "genres".* FROM "genres"[0m
  [1m[35m (0.1ms)[0m  [1m[36mbegin transaction[0m
  [1m[36mGenre Destroy (0.7ms)[0m  [1m[31mDELETE FROM "genres" WHERE "genres"."id" = ?[0m  [["id", 1]]
  [1m[35m (1.2ms)[0m  [1m[36mcommit transaction[0m
  [1m[35m (0.1ms)[0m  [1m[36mbegin transaction[0m
  [1m[36mGenre Destroy (0.8ms)[0m  [1m[31mDELETE FROM "genres" WHERE "genres"."id" = ?[0m  [["id", 2]]
  [1m[35m (1.9ms)[0m  [1m[36mcommit transaction[0m
  [1m[35m (0.1ms)[0m  [1m[36mbegin transaction[0m
  [1m[36mGenre Destroy (0.4ms)[0m  [1m[31mDELETE FROM "genres" WHERE "genres"."id" = ?[0m  [["id", 3]]
  [1m[35m (0.8ms)[0m  [1m[36mcommit transaction[0m
  [1m[35m (0.1ms)[0m  [1m[36mbegin transaction[0m
  [1m[36mGenre Destroy (0.3ms)[0m  [1m[31mDELETE FROM "genres" WHERE "genres"."id" = ?[0m  [["id", 4]]
  [1m[35m (1.2ms)[0m  [1m[36mcommit transaction[0m
  [1m[35m (0.0ms)[0m  [1m[36mbegin transaction[0m
  [1m[36mGenre Destroy (0.3ms)[0m  [1m[31mDELETE FROM "genres" WHERE "genres"."id" = ?[0m  [["id", 5]]
  [1m[35m (0.8ms)[0m  [1m[36mcommit transaction[0m
  [1m[35m (0.0ms)[0m  [1m[36mbegin transaction[0m
  [1m[36mAuthor Create (0.4ms)[0m  [1m[32mINSERT INTO "authors" ("name") VALUES (?)[0m  [["name", "Mrs. Jerald King"]]
  [1m[35m (2.3ms)[0m  [1m[36mcommit transaction[0m
  [1m[35m (0.0ms)[0m  [1m[36mbegin transaction[0m
  [1m[36mAuthor Create (0.3ms)[0m  [1m[32mINSERT INTO "authors" ("name") VALUES (?)[0m  [["name", "Branda Cruickshank"]]
  [1m[35m (0.8ms)[0m  [1m[36mcommit transaction[0m
  [1m[35m (0.1ms)[0m  [1m[36mbegin transaction[0m
  [1m[36mAuthor Create (0.4ms)[0m  [1m[32mINSERT INTO "authors" ("name") VALUES (?)[0m  [["name", "Ula Robel"]]
  [1m[35m (1.2ms)[0m  [1m[36mcommit transaction[0m
  [1m[35m (0.1ms)[0m  [1m[36mbegin transaction[0m
  [1m[36mAuthor Create (0.4ms)[0m  [1m[32mINSERT INTO "authors" ("name") VALUES (?)[0m  [["name", "Burt Kertzmann"]]
  [1m[35m (1.1ms)[0m  [1m[36mcommit transaction[0m
  [1m[35m (0.0ms)[0m  [1m[36mbegin transaction[0m
  [1m[36mAuthor Create (0.3ms)[0m  [1m[32mINSERT INTO "authors" ("name") VALUES (?)[0m  [["name", "Major Corwin"]]
  [1m[35m (1.0ms)[0m  [1m[36mcommit transaction[0m
  [1m[35m (0.1ms)[0m  [1m[36mbegin transaction[0m
  [1m[36mGenre Create (0.3ms)[0m  [1m[32mINSERT INTO "genres" ("name") VALUES (?)[0m  [["name", "Fairy tale"]]
  [1m[35m (1.5ms)[0m  [1m[36mcommit transaction[0m
  [1m[35m (0.1ms)[0m  [1m[36mbegin transaction[0m
  [1m[36mGenre Create (0.6ms)[0m  [1m[32mINSERT INTO "genres" ("name") VALUES (?)[0m  [["name", "Mystery"]]
  [1m[35m (1.1ms)[0m  [1m[36mcommit transaction[0m
  [1m[35m (0.0ms)[0m  [1m[36mbegin transaction[0m
  [1m[36mGenre Create (0.3ms)[0m  [1m[32mINSERT INTO "genres" ("name") VALUES (?)[0m  [["name", "Fantasy"]]
  [1m[35m (0.9ms)[0m  [1m[36mcommit transaction[0m
  [1m[35m (0.0ms)[0m  [1m[36mbegin transaction[0m
  [1m[36mGenre Create (0.3ms)[0m  [1m[32mINSERT INTO "genres" ("name") VALUES (?)[0m  [["name", "Classic"]]
  [1m[35m (0.9ms)[0m  [1m[36mcommit transaction[0m
  [1m[35m (0.0ms)[0m  [1m[36mbegin transaction[0m
  [1m[36mGenre Create (0.4ms)[0m  [1m[32mINSERT INTO "genres" ("name") VALUES (?)[0m  [["name", "Biography/Autobiography"]]
  [1m[35m (0.9ms)[0m  [1m[36mcommit transaction[0m
  [1m[36mGenre Load (0.1ms)[0m  [1m[34mSELECT "genres".* FROM "genres"[0m
  [1m[35m (0.1ms)[0m  [1m[36mbegin transaction[0m
  [1m[36mGenre Load (0.2ms)[0m  [1m[34mSELECT "genres".* FROM "genres" WHERE "genres"."id" = ? LIMIT ?[0m  [["id", 10], ["LIMIT", 1]]
  [1m[36mBook Create (0.4ms)[0m  [1m[32mINSERT INTO "books" ("name", "genre_id") VALUES (?, ?)[0m  [["name", "The Parliament of Man"], ["genre_id", 10]]
  [1m[35m (1.3ms)[0m  [1m[36mcommit transaction[0m
  [1m[36mGenre Load (0.1ms)[0m  [1m[34mSELECT "genres".* FROM "genres"[0m
  [1m[35m (0.0ms)[0m  [1m[36mbegin transaction[0m
  [1m[36mGenre Load (0.1ms)[0m  [1m[34mSELECT "genres".* FROM "genres" WHERE "genres"."id" = ? LIMIT ?[0m  [["id", 10], ["LIMIT", 1]]
  [1m[36mBook Create (0.3ms)[0m  [1m[32mINSERT INTO "books" ("name", "genre_id") VALUES (?, ?)[0m  [["name", "If I Forget Thee Jerusalem"], ["genre_id", 10]]
  [1m[35m (0.9ms)[0m  [1m[36mcommit transaction[0m
  [1m[36mGenre Load (0.1ms)[0m  [1m[34mSELECT "genres".* FROM "genres"[0m
  [1m[35m (0.0ms)[0m  [1m[36mbegin transaction[0m
  [1m[36mGenre Load (0.2ms)[0m  [1m[34mSELECT "genres".* FROM "genres" WHERE "genres"."id" = ? LIMIT ?[0m  [["id", 9], ["LIMIT", 1]]
  [1m[36mBook Create (0.3ms)[0m  [1m[32mINSERT INTO "books" ("name", "genre_id") VALUES (?, ?)[0m  [["name", "Of Mice and Men"], ["genre_id", 9]]
  [1m[35m (0.9ms)[0m  [1m[36mcommit transaction[0m
  [1m[36mGenre Load (0.1ms)[0m  [1m[34mSELECT "genres".* FROM "genres"[0m
  [1m[35m (0.0ms)[0m  [1m[36mbegin transaction[0m
  [1m[36mGenre Load (0.1ms)[0m  [1m[34mSELECT "genres".* FROM "genres" WHERE "genres"."id" = ? LIMIT ?[0m  [["id", 9], ["LIMIT", 1]]
  [1m[36mBook Create (0.3ms)[0m  [1m[32mINSERT INTO "books" ("name", "genre_id") VALUES (?, ?)[0m  [["name", "Have His Carcase"], ["genre_id", 9]]
  [1m[35m (1.4ms)[0m  [1m[36mcommit transaction[0m
  [1m[36mGenre Load (0.1ms)[0m  [1m[34mSELECT "genres".* FROM "genres"[0m
  [1m[35m (0.0ms)[0m  [1m[36mbegin transaction[0m
  [1m[36mGenre Load (0.4ms)[0m  [1m[34mSELECT "genres".* FROM "genres" WHERE "genres"."id" = ? LIMIT ?[0m  [["id", 8], ["LIMIT", 1]]
  [1m[36mBook Create (0.4ms)[0m  [1m[32mINSERT INTO "books" ("name", "genre_id") VALUES (?, ?)[0m  [["name", "The Road Less Traveled"], ["genre_id", 8]]
  [1m[35m (1.2ms)[0m  [1m[36mcommit transaction[0m
  [1m[36mGenre Load (0.2ms)[0m  [1m[34mSELECT "genres".* FROM "genres"[0m
  [1m[35m (0.0ms)[0m  [1m[36mbegin transaction[0m
  [1m[36mGenre Load (0.1ms)[0m  [1m[34mSELECT "genres".* FROM "genres" WHERE "genres"."id" = ? LIMIT ?[0m  [["id", 8], ["LIMIT", 1]]
  [1m[36mBook Create (0.4ms)[0m  [1m[32mINSERT INTO "books" ("name", "genre_id") VALUES (?, ?)[0m  [["name", "Now Sleeps the Crimson Petal"], ["genre_id", 8]]
  [1m[35m (1.2ms)[0m  [1m[36mcommit transaction[0m
  [1m[36mGenre Load (0.1ms)[0m  [1m[34mSELECT "genres".* FROM "genres"[0m
  [1m[35m (0.0ms)[0m  [1m[36mbegin transaction[0m
  [1m[36mGenre Load (0.1ms)[0m  [1m[34mSELECT "genres".* FROM "genres" WHERE "genres"."id" = ? LIMIT ?[0m  [["id", 10], ["LIMIT", 1]]
  [1m[36mBook Create (0.5ms)[0m  [1m[32mINSERT INTO "books" ("name", "genre_id") VALUES (?, ?)[0m  [["name", "Surprised by Joy"], ["genre_id", 10]]
  [1m[35m (1.3ms)[0m  [1m[36mcommit transaction[0m
  [1m[36mGenre Load (0.1ms)[0m  [1m[34mSELECT "genres".* FROM "genres"[0m
  [1m[35m (0.1ms)[0m  [1m[36mbegin transaction[0m
  [1m[36mGenre Load (0.1ms)[0m  [1m[34mSELECT "genres".* FROM "genres" WHERE "genres"."id" = ? LIMIT ?[0m  [["id", 8], ["LIMIT", 1]]
  [1m[36mBook Create (0.3ms)[0m  [1m[32mINSERT INTO "books" ("name", "genre_id") VALUES (?, ?)[0m  [["name", "A Swiftly Tilting Planet"], ["genre_id", 8]]
  [1m[35m (1.4ms)[0m  [1m[36mcommit transaction[0m
  [1m[36mGenre Load (0.2ms)[0m  [1m[34mSELECT "genres".* FROM "genres"[0m
  [1m[35m (0.1ms)[0m  [1m[36mbegin transaction[0m
  [1m[36mGenre Load (0.1ms)[0m  [1m[34mSELECT "genres".* FROM "genres" WHERE "genres"."id" = ? LIMIT ?[0m  [["id", 6], ["LIMIT", 1]]
  [1m[36mBook Create (0.5ms)[0m  [1m[32mINSERT INTO "books" ("name", "genre_id") VALUES (?, ?)[0m  [["name", "Arms and the Man"], ["genre_id", 6]]
  [1m[35m (1.2ms)[0m  [1m[36mcommit transaction[0m
  [1m[36mGenre Load (0.2ms)[0m  [1m[34mSELECT "genres".* FROM "genres"[0m
  [1m[35m (0.1ms)[0m  [1m[36mbegin transaction[0m
  [1m[36mGenre Load (0.2ms)[0m  [1m[34mSELECT "genres".* FROM "genres" WHERE "genres"."id" = ? LIMIT ?[0m  [["id", 7], ["LIMIT", 1]]
  [1m[36mBook Create (0.3ms)[0m  [1m[32mINSERT INTO "books" ("name", "genre_id") VALUES (?, ?)[0m  [["name", "Postern of Fate"], ["genre_id", 7]]
  [1m[35m (0.7ms)[0m  [1m[36mcommit transaction[0m
  [1m[36mAuthor Load (0.2ms)[0m  [1m[34mSELECT "authors".* FROM "authors"[0m
  [1m[36mBook Load (0.1ms)[0m  [1m[34mSELECT "books".* FROM "books"[0m
  [1m[35m (0.0ms)[0m  [1m[36mbegin transaction[0m
  [1m[36mAuthor Load (0.2ms)[0m  [1m[34mSELECT "authors".* FROM "authors" WHERE "authors"."id" = ? LIMIT ?[0m  [["id", 10], ["LIMIT", 1]]
  [1m[36mBook Load (0.1ms)[0m  [1m[34mSELECT "books".* FROM "books" WHERE "books"."id" = ? LIMIT ?[0m  [["id", 4], ["LIMIT", 1]]
  [1m[36mContribution Create (0.3ms)[0m  [1m[32mINSERT INTO "contributions" ("author_id", "book_id") VALUES (?, ?)[0m  [["author_id", 10], ["book_id", 4]]
  [1m[35m (1.1ms)[0m  [1m[36mcommit transaction[0m
  [1m[36mAuthor Load (0.1ms)[0m  [1m[34mSELECT "authors".* FROM "authors"[0m
  [1m[36mBook Load (0.1ms)[0m  [1m[34mSELECT "books".* FROM "books"[0m
  [1m[35m (0.0ms)[0m  [1m[36mbegin transaction[0m
  [1m[36mAuthor Load (0.1ms)[0m  [1m[34mSELECT "authors".* FROM "authors" WHERE "authors"."id" = ? LIMIT ?[0m  [["id", 11], ["LIMIT", 1]]
  [1m[36mBook Load (0.1ms)[0m  [1m[34mSELECT "books".* FROM "books" WHERE "books"."id" = ? LIMIT ?[0m  [["id", 9], ["LIMIT", 1]]
  [1m[36mContribution Create (0.3ms)[0m  [1m[32mINSERT INTO "contributions" ("author_id", "book_id") VALUES (?, ?)[0m  [["author_id", 11], ["book_id", 9]]
  [1m[35m (1.0ms)[0m  [1m[36mcommit transaction[0m
  [1m[36mAuthor Load (0.1ms)[0m  [1m[34mSELECT "authors".* FROM "authors"[0m
  [1m[36mBook Load (0.2ms)[0m  [1m[34mSELECT "books".* FROM "books"[0m
  [1m[35m (0.1ms)[0m  [1m[36mbegin transaction[0m
  [1m[36mAuthor Load (0.1ms)[0m  [1m[34mSELECT "authors".* FROM "authors" WHERE "authors"."id" = ? LIMIT ?[0m  [["id", 11], ["LIMIT", 1]]
  [1m[36mBook Load (0.1ms)[0m  [1m[34mSELECT "books".* FROM "books" WHERE "books"."id" = ? LIMIT ?[0m  [["id", 2], ["LIMIT", 1]]
  [1m[36mContribution Create (0.3ms)[0m  [1m[32mINSERT INTO "contributions" ("author_id", "book_id") VALUES (?, ?)[0m  [["author_id", 11], ["book_id", 2]]
  [1m[35m (1.0ms)[0m  [1m[36mcommit transaction[0m
  [1m[36mAuthor Load (0.2ms)[0m  [1m[34mSELECT "authors".* FROM "authors"[0m
  [1m[36mBook Load (0.2ms)[0m  [1m[34mSELECT "books".* FROM "books"[0m
  [1m[35m (0.1ms)[0m  [1m[36mbegin transaction[0m
  [1m[36mAuthor Load (0.1ms)[0m  [1m[34mSELECT "authors".* FROM "authors" WHERE "authors"."id" = ? LIMIT ?[0m  [["id", 8], ["LIMIT", 1]]
  [1m[36mBook Load (0.1ms)[0m  [1m[34mSELECT "books".* FROM "books" WHERE "books"."id" = ? LIMIT ?[0m  [["id", 10], ["LIMIT", 1]]
  [1m[36mContribution Create (0.3ms)[0m  [1m[32mINSERT INTO "contributions" ("author_id", "book_id") VALUES (?, ?)[0m  [["author_id", 8], ["book_id", 10]]
  [1m[35m (1.6ms)[0m  [1m[36mcommit transaction[0m
  [1m[36mAuthor Load (0.1ms)[0m  [1m[34mSELECT "authors".* FROM "authors"[0m
  [1m[36mBook Load (0.1ms)[0m  [1m[34mSELECT "books".* FROM "books"[0m
  [1m[35m (0.0ms)[0m  [1m[36mbegin transaction[0m
  [1m[36mAuthor Load (0.1ms)[0m  [1m[34mSELECT "authors".* FROM "authors" WHERE "authors"."id" = ? LIMIT ?[0m  [["id", 8], ["LIMIT", 1]]
  [1m[36mBook Load (0.0ms)[0m  [1m[34mSELECT "books".* FROM "books" WHERE "books"."id" = ? LIMIT ?[0m  [["id", 5], ["LIMIT", 1]]
  [1m[36mContribution Create (0.3ms)[0m  [1m[32mINSERT INTO "contributions" ("author_id", "book_id") VALUES (?, ?)[0m  [["author_id", 8], ["book_id", 5]]
  [1m[35m (1.4ms)[0m  [1m[36mcommit transaction[0m
  [1m[35m (1.4ms)[0m  [1m[34mSELECT sqlite_version(*)[0m
  [1m[36mBook Load (0.2ms)[0m  [1m[34mSELECT "books".* FROM "books" LIMIT ?[0m  [["LIMIT", 11]]
  [1m[36mGenre Load (0.2ms)[0m  [1m[34mSELECT "genres".* FROM "genres" LIMIT ?[0m  [["LIMIT", 11]]
  [1m[36mAuthor Load (0.2ms)[0m  [1m[34mSELECT "authors".* FROM "authors" LIMIT ?[0m  [["LIMIT", 11]]
  [1m[36mContribution Load (0.2ms)[0m  [1m[34mSELECT "contributions".* FROM "contributions" LIMIT ?[0m  [["LIMIT", 11]]
Started GET "/" for ::1 at 2020-04-09 15:16:34 -0500
  [1m[35m (1.1ms)[0m  [1m[34mSELECT sqlite_version(*)[0m
  [1m[35m (0.6ms)[0m  [1m[34mSELECT "schema_migrations"."version" FROM "schema_migrations" ORDER BY "schema_migrations"."version" ASC[0m
Processing by Rails::WelcomeController#index as HTML
  Rendering /Users/joshua.miles/.rvm/gems/ruby-2.6.1/gems/railties-6.0.2.2/lib/rails/templates/rails/welcome/index.html.erb
  Rendered /Users/joshua.miles/.rvm/gems/ruby-2.6.1/gems/railties-6.0.2.2/lib/rails/templates/rails/welcome/index.html.erb (Duration: 28.7ms | Allocations: 480)
Completed 200 OK in 62ms (Views: 53.1ms | ActiveRecord: 0.0ms | Allocations: 2946)


Started GET "/books" for ::1 at 2020-04-09 15:16:47 -0500
Processing by BooksController#index as HTML
  Rendering books/index.html.erb within layouts/application
  [1m[36mBook Load (0.9ms)[0m  [1m[34mSELECT "books".* FROM "books"[0m
  ↳ app/views/books/index.html.erb:1
  Rendered books/index.html.erb within layouts/application (Duration: 10.8ms | Allocations: 2927)
Completed 200 OK in 84ms (Views: 69.5ms | ActiveRecord: 2.1ms | Allocations: 18236)


Started GET "/books" for ::1 at 2020-04-09 15:17:04 -0500
Processing by BooksController#index as HTML
  Rendering books/index.html.erb within layouts/application
  [1m[36mBook Load (1.2ms)[0m  [1m[34mSELECT "books".* FROM "books"[0m
  ↳ app/views/books/index.html.erb:1
  Rendered books/index.html.erb within layouts/application (Duration: 3.9ms | Allocations: 798)
Completed 200 OK in 14ms (Views: 11.5ms | ActiveRecord: 1.2ms | Allocations: 3480)


Started GET "/books" for ::1 at 2020-04-09 15:17:20 -0500
Processing by BooksController#index as HTML
  Rendering books/index.html.erb within layouts/application
  [1m[36mBook Load (1.0ms)[0m  [1m[34mSELECT "books".* FROM "books"[0m
  ↳ app/views/books/index.html.erb:2
  Rendered books/index.html.erb within layouts/application (Duration: 3.6ms | Allocations: 816)
Completed 200 OK in 17ms (Views: 12.5ms | ActiveRecord: 1.0ms | Allocations: 3489)


Started GET "/books" for ::1 at 2020-04-09 15:17:31 -0500
Processing by BooksController#index as HTML
  Rendering books/index.html.erb within layouts/application
  [1m[36mBook Load (0.2ms)[0m  [1m[34mSELECT "books".* FROM "books"[0m
  ↳ app/views/books/index.html.erb:3
  Rendered books/index.html.erb within layouts/application (Duration: 2.8ms | Allocations: 805)
Completed 200 OK in 16ms (Views: 13.2ms | ActiveRecord: 0.2ms | Allocations: 3465)


Started GET "/books" for ::1 at 2020-04-09 15:20:25 -0500
  [1m[35m (0.1ms)[0m  [1m[34mSELECT sqlite_version(*)[0m
Processing by BooksController#index as HTML
  Rendering books/index.html.erb within layouts/application
  [1m[36mBook Load (0.2ms)[0m  [1m[34mSELECT "books".* FROM "books"[0m
  ↳ app/views/books/index.html.erb:3
  Rendered books/index.html.erb within layouts/application (Duration: 14.3ms | Allocations: 2839)
Completed 200 OK in 31ms (Views: 23.6ms | ActiveRecord: 0.8ms | Allocations: 7038)


Started GET "/books/1" for ::1 at 2020-04-09 15:20:33 -0500
Processing by BooksController#show as HTML
  Parameters: {"id"=>"1"}
  [1m[36mBook Load (0.2ms)[0m  [1m[34mSELECT "books".* FROM "books" WHERE "books"."id" = ? LIMIT ?[0m  [["id", 1], ["LIMIT", 1]]
  ↳ app/controllers/books_controller.rb:8:in `show'
  Rendering books/show.html.erb within layouts/application
  [1m[36mAuthor Load (0.9ms)[0m  [1m[34mSELECT "authors".* FROM "authors" INNER JOIN "contributions" ON "authors"."id" = "contributions"."author_id" WHERE "contributions"."book_id" = ?[0m  [["book_id", 1]]
  ↳ app/views/books/show.html.erb:3
  Rendered books/show.html.erb within layouts/application (Duration: 53.0ms | Allocations: 10907)
Completed 200 OK in 64ms (Views: 55.8ms | ActiveRecord: 2.9ms | Allocations: 13715)


Started GET "/books/2" for ::1 at 2020-04-09 15:20:37 -0500
Processing by BooksController#show as HTML
  Parameters: {"id"=>"2"}
  [1m[36mBook Load (0.2ms)[0m  [1m[34mSELECT "books".* FROM "books" WHERE "books"."id" = ? LIMIT ?[0m  [["id", 2], ["LIMIT", 1]]
  ↳ app/controllers/books_controller.rb:8:in `show'
  Rendering books/show.html.erb within layouts/application
  [1m[36mAuthor Load (0.7ms)[0m  [1m[34mSELECT "authors".* FROM "authors" INNER JOIN "contributions" ON "authors"."id" = "contributions"."author_id" WHERE "contributions"."book_id" = ?[0m  [["book_id", 2]]
  ↳ app/views/books/show.html.erb:3
  Rendered books/show.html.erb within layouts/application (Duration: 6.7ms | Allocations: 1837)
Completed 200 OK in 14ms (Views: 11.1ms | ActiveRecord: 0.9ms | Allocations: 4080)


Started GET "/books/3" for ::1 at 2020-04-09 15:20:41 -0500
Processing by BooksController#show as HTML
  Parameters: {"id"=>"3"}
  [1m[36mBook Load (0.7ms)[0m  [1m[34mSELECT "books".* FROM "books" WHERE "books"."id" = ? LIMIT ?[0m  [["id", 3], ["LIMIT", 1]]
  ↳ app/controllers/books_controller.rb:8:in `show'
  Rendering books/show.html.erb within layouts/application
  [1m[36mAuthor Load (0.1ms)[0m  [1m[34mSELECT "authors".* FROM "authors" INNER JOIN "contributions" ON "authors"."id" = "contributions"."author_id" WHERE "contributions"."book_id" = ?[0m  [["book_id", 3]]
  ↳ app/views/books/show.html.erb:3
  Rendered books/show.html.erb within layouts/application (Duration: 4.2ms | Allocations: 858)
Completed 200 OK in 35ms (Views: 32.3ms | ActiveRecord: 0.8ms | Allocations: 3114)


Started GET "/books/4" for ::1 at 2020-04-09 15:20:43 -0500
Processing by BooksController#show as HTML
  Parameters: {"id"=>"4"}
  [1m[36mBook Load (0.2ms)[0m  [1m[34mSELECT "books".* FROM "books" WHERE "books"."id" = ? LIMIT ?[0m  [["id", 4], ["LIMIT", 1]]
  ↳ app/controllers/books_controller.rb:8:in `show'
  Rendering books/show.html.erb within layouts/application
  [1m[36mAuthor Load (0.1ms)[0m  [1m[34mSELECT "authors".* FROM "authors" INNER JOIN "contributions" ON "authors"."id" = "contributions"."author_id" WHERE "contributions"."book_id" = ?[0m  [["book_id", 4]]
  ↳ app/views/books/show.html.erb:3
  Rendered books/show.html.erb within layouts/application (Duration: 2.0ms | Allocations: 871)
Completed 200 OK in 7ms (Views: 5.2ms | ActiveRecord: 0.3ms | Allocations: 3136)


Started GET "/books/5" for ::1 at 2020-04-09 15:20:46 -0500
Processing by BooksController#show as HTML
  Parameters: {"id"=>"5"}
  [1m[36mBook Load (0.1ms)[0m  [1m[34mSELECT "books".* FROM "books" WHERE "books"."id" = ? LIMIT ?[0m  [["id", 5], ["LIMIT", 1]]
  ↳ app/controllers/books_controller.rb:8:in `show'
  Rendering books/show.html.erb within layouts/application
  [1m[36mAuthor Load (0.1ms)[0m  [1m[34mSELECT "authors".* FROM "authors" INNER JOIN "contributions" ON "authors"."id" = "contributions"."author_id" WHERE "contributions"."book_id" = ?[0m  [["book_id", 5]]
  ↳ app/views/books/show.html.erb:3
  Rendered books/show.html.erb within layouts/application (Duration: 1.7ms | Allocations: 869)
Completed 200 OK in 6ms (Views: 4.5ms | ActiveRecord: 0.3ms | Allocations: 3121)


Started GET "/books/5" for ::1 at 2020-04-09 15:21:16 -0500
Processing by BooksController#show as HTML
  Parameters: {"id"=>"5"}
  [1m[36mBook Load (0.2ms)[0m  [1m[34mSELECT "books".* FROM "books" WHERE "books"."id" = ? LIMIT ?[0m  [["id", 5], ["LIMIT", 1]]
  ↳ app/controllers/books_controller.rb:8:in `show'
  Rendering books/show.html.erb within layouts/application
  [1m[36mGenre Load (0.4ms)[0m  [1m[34mSELECT "genres".* FROM "genres" WHERE "genres"."id" = ? LIMIT ?[0m  [["id", 8], ["LIMIT", 1]]
  ↳ app/views/books/show.html.erb:2
  [1m[36mAuthor Load (0.1ms)[0m  [1m[34mSELECT "authors".* FROM "authors" INNER JOIN "contributions" ON "authors"."id" = "contributions"."author_id" WHERE "contributions"."book_id" = ?[0m  [["book_id", 5]]
  ↳ app/views/books/show.html.erb:5
  Rendered books/show.html.erb within layouts/application (Duration: 26.1ms | Allocations: 6577)
Completed 200 OK in 35ms (Views: 31.5ms | ActiveRecord: 1.5ms | Allocations: 9728)


Started GET "/books/6" for ::1 at 2020-04-09 15:21:19 -0500
Processing by BooksController#show as HTML
  Parameters: {"id"=>"6"}
  [1m[36mBook Load (0.1ms)[0m  [1m[34mSELECT "books".* FROM "books" WHERE "books"."id" = ? LIMIT ?[0m  [["id", 6], ["LIMIT", 1]]
  ↳ app/controllers/books_controller.rb:8:in `show'
  Rendering books/show.html.erb within layouts/application
  [1m[36mGenre Load (0.1ms)[0m  [1m[34mSELECT "genres".* FROM "genres" WHERE "genres"."id" = ? LIMIT ?[0m  [["id", 8], ["LIMIT", 1]]
  ↳ app/views/books/show.html.erb:2
  [1m[36mAuthor Load (0.2ms)[0m  [1m[34mSELECT "authors".* FROM "authors" INNER JOIN "contributions" ON "authors"."id" = "contributions"."author_id" WHERE "contributions"."book_id" = ?[0m  [["book_id", 6]]
  ↳ app/views/books/show.html.erb:5
  Rendered books/show.html.erb within layouts/application (Duration: 3.5ms | Allocations: 1529)
Completed 200 OK in 8ms (Views: 6.3ms | ActiveRecord: 0.4ms | Allocations: 3776)


Started GET "/books/7" for ::1 at 2020-04-09 15:21:22 -0500
Processing by BooksController#show as HTML
  Parameters: {"id"=>"7"}
  [1m[36mBook Load (0.1ms)[0m  [1m[34mSELECT "books".* FROM "books" WHERE "books"."id" = ? LIMIT ?[0m  [["id", 7], ["LIMIT", 1]]
  ↳ app/controllers/books_controller.rb:8:in `show'
  Rendering books/show.html.erb within layouts/application
  [1m[36mGenre Load (0.1ms)[0m  [1m[34mSELECT "genres".* FROM "genres" WHERE "genres"."id" = ? LIMIT ?[0m  [["id", 10], ["LIMIT", 1]]
  ↳ app/views/books/show.html.erb:2
  [1m[36mAuthor Load (0.1ms)[0m  [1m[34mSELECT "authors".* FROM "authors" INNER JOIN "contributions" ON "authors"."id" = "contributions"."author_id" WHERE "contributions"."book_id" = ?[0m  [["book_id", 7]]
  ↳ app/views/books/show.html.erb:5
  Rendered books/show.html.erb within layouts/application (Duration: 2.5ms | Allocations: 1528)
Completed 200 OK in 7ms (Views: 5.2ms | ActiveRecord: 0.3ms | Allocations: 3776)


Started GET "/books/" for ::1 at 2020-04-09 15:21:26 -0500
Processing by BooksController#index as HTML
  Rendering books/index.html.erb within layouts/application
  [1m[36mBook Load (0.2ms)[0m  [1m[34mSELECT "books".* FROM "books"[0m
  ↳ app/views/books/index.html.erb:3
  Rendered books/index.html.erb within layouts/application (Duration: 2.1ms | Allocations: 805)
Completed 200 OK in 6ms (Views: 4.6ms | ActiveRecord: 0.2ms | Allocations: 2702)


Started GET "/books/" for ::1 at 2020-04-09 15:22:29 -0500
Processing by BooksController#index as HTML
  Rendering books/index.html.erb within layouts/application
  [1m[36mBook Load (0.2ms)[0m  [1m[34mSELECT "books".* FROM "books"[0m
  ↳ app/views/books/index.html.erb:3
  Rendered books/index.html.erb within layouts/application (Duration: 2.1ms | Allocations: 944)
Completed 200 OK in 8ms (Views: 7.3ms | ActiveRecord: 0.2ms | Allocations: 3604)


Started GET "/books/1" for ::1 at 2020-04-09 15:22:31 -0500
Processing by BooksController#show as HTML
  Parameters: {"id"=>"1"}
  [1m[36mBook Load (0.3ms)[0m  [1m[34mSELECT "books".* FROM "books" WHERE "books"."id" = ? LIMIT ?[0m  [["id", 1], ["LIMIT", 1]]
  ↳ app/controllers/books_controller.rb:8:in `show'
  Rendering books/show.html.erb within layouts/application
  [1m[36mGenre Load (0.1ms)[0m  [1m[34mSELECT "genres".* FROM "genres" WHERE "genres"."id" = ? LIMIT ?[0m  [["id", 10], ["LIMIT", 1]]
  ↳ app/views/books/show.html.erb:2
  [1m[36mAuthor Load (0.2ms)[0m  [1m[34mSELECT "authors".* FROM "authors" INNER JOIN "contributions" ON "authors"."id" = "contributions"."author_id" WHERE "contributions"."book_id" = ?[0m  [["book_id", 1]]
  ↳ app/views/books/show.html.erb:5
  Rendered books/show.html.erb within layouts/application (Duration: 4.1ms | Allocations: 1692)
Completed 200 OK in 10ms (Views: 6.7ms | ActiveRecord: 0.6ms | Allocations: 4075)


Started GET "/books/9" for ::1 at 2020-04-09 15:22:33 -0500
Processing by BooksController#show as HTML
  Parameters: {"id"=>"9"}
  [1m[36mBook Load (0.2ms)[0m  [1m[34mSELECT "books".* FROM "books" WHERE "books"."id" = ? LIMIT ?[0m  [["id", 9], ["LIMIT", 1]]
  ↳ app/controllers/books_controller.rb:8:in `show'
  Rendering books/show.html.erb within layouts/application
  [1m[36mGenre Load (0.5ms)[0m  [1m[34mSELECT "genres".* FROM "genres" WHERE "genres"."id" = ? LIMIT ?[0m  [["id", 6], ["LIMIT", 1]]
  ↳ app/views/books/show.html.erb:2
  [1m[36mAuthor Load (0.2ms)[0m  [1m[34mSELECT "authors".* FROM "authors" INNER JOIN "contributions" ON "authors"."id" = "contributions"."author_id" WHERE "contributions"."book_id" = ?[0m  [["book_id", 9]]
  ↳ app/views/books/show.html.erb:5
  Rendered books/show.html.erb within layouts/application (Duration: 4.8ms | Allocations: 1539)
Completed 200 OK in 10ms (Views: 8.0ms | ActiveRecord: 0.9ms | Allocations: 3787)


Started GET "/books/8" for ::1 at 2020-04-09 15:22:35 -0500
Processing by BooksController#show as HTML
  Parameters: {"id"=>"8"}
  [1m[36mBook Load (0.1ms)[0m  [1m[34mSELECT "books".* FROM "books" WHERE "books"."id" = ? LIMIT ?[0m  [["id", 8], ["LIMIT", 1]]
  ↳ app/controllers/books_controller.rb:8:in `show'
  Rendering books/show.html.erb within layouts/application
  [1m[36mGenre Load (0.2ms)[0m  [1m[34mSELECT "genres".* FROM "genres" WHERE "genres"."id" = ? LIMIT ?[0m  [["id", 8], ["LIMIT", 1]]
  ↳ app/views/books/show.html.erb:2
  [1m[36mAuthor Load (0.2ms)[0m  [1m[34mSELECT "authors".* FROM "authors" INNER JOIN "contributions" ON "authors"."id" = "contributions"."author_id" WHERE "contributions"."book_id" = ?[0m  [["book_id", 8]]
  ↳ app/views/books/show.html.erb:5
  Rendered books/show.html.erb within layouts/application (Duration: 5.2ms | Allocations: 1531)
Completed 200 OK in 28ms (Views: 26.2ms | ActiveRecord: 0.5ms | Allocations: 3785)


Started GET "/books/" for ::1 at 2020-04-09 15:23:42 -0500
Processing by BooksController#index as HTML
  Rendering books/index.html.erb within layouts/application
  [1m[36mBook Load (0.2ms)[0m  [1m[34mSELECT "books".* FROM "books"[0m
  ↳ app/views/books/index.html.erb:3
  Rendered books/index.html.erb within layouts/application (Duration: 2.4ms | Allocations: 943)
Completed 200 OK in 9ms (Views: 8.0ms | ActiveRecord: 0.2ms | Allocations: 3608)


Started GET "/books/1" for ::1 at 2020-04-09 15:26:41 -0500
  [1m[35m (0.1ms)[0m  [1m[34mSELECT sqlite_version(*)[0m
Processing by BooksController#show as HTML
  Parameters: {"id"=>"1"}
  [1m[36mBook Load (0.4ms)[0m  [1m[34mSELECT "books".* FROM "books" WHERE "books"."id" = ? LIMIT ?[0m  [["id", 1], ["LIMIT", 1]]
  ↳ app/controllers/books_controller.rb:8:in `show'
  Rendering books/show.html.erb within layouts/application
  [1m[36mGenre Load (0.2ms)[0m  [1m[34mSELECT "genres".* FROM "genres" WHERE "genres"."id" = ? LIMIT ?[0m  [["id", 10], ["LIMIT", 1]]
  ↳ app/views/books/show.html.erb:2
  [1m[36mAuthor Load (0.2ms)[0m  [1m[34mSELECT "authors".* FROM "authors" INNER JOIN "contributions" ON "authors"."id" = "contributions"."author_id" WHERE "contributions"."book_id" = ?[0m  [["book_id", 1]]
  ↳ app/views/books/show.html.erb:5
  Rendered books/show.html.erb within layouts/application (Duration: 18.8ms | Allocations: 8630)
Completed 200 OK in 65ms (Views: 39.9ms | ActiveRecord: 4.1ms | Allocations: 15448)


Started GET "/books/2" for ::1 at 2020-04-09 15:26:43 -0500
Processing by BooksController#show as HTML
  Parameters: {"id"=>"2"}
  [1m[36mBook Load (0.1ms)[0m  [1m[34mSELECT "books".* FROM "books" WHERE "books"."id" = ? LIMIT ?[0m  [["id", 2], ["LIMIT", 1]]
  ↳ app/controllers/books_controller.rb:8:in `show'
  Rendering books/show.html.erb within layouts/application
  [1m[36mGenre Load (0.2ms)[0m  [1m[34mSELECT "genres".* FROM "genres" WHERE "genres"."id" = ? LIMIT ?[0m  [["id", 10], ["LIMIT", 1]]
  ↳ app/views/books/show.html.erb:2
  [1m[36mAuthor Load (1.1ms)[0m  [1m[34mSELECT "authors".* FROM "authors" INNER JOIN "contributions" ON "authors"."id" = "contributions"."author_id" WHERE "contributions"."book_id" = ?[0m  [["book_id", 2]]
  ↳ app/views/books/show.html.erb:5
  Rendered books/show.html.erb within layouts/application (Duration: 9.1ms | Allocations: 2522)
Completed 200 OK in 15ms (Views: 12.7ms | ActiveRecord: 1.3ms | Allocations: 4762)


Started GET "/authors/11" for ::1 at 2020-04-09 15:26:46 -0500
  
ActionController::RoutingError (No route matches [GET] "/authors/11"):
  
actionpack (6.0.2.2) lib/action_dispatch/middleware/debug_exceptions.rb:36:in `call'
web-console (4.0.1) lib/web_console/middleware.rb:132:in `call_app'
web-console (4.0.1) lib/web_console/middleware.rb:28:in `block in call'
web-console (4.0.1) lib/web_console/middleware.rb:17:in `catch'
web-console (4.0.1) lib/web_console/middleware.rb:17:in `call'
actionpack (6.0.2.2) lib/action_dispatch/middleware/show_exceptions.rb:33:in `call'
railties (6.0.2.2) lib/rails/rack/logger.rb:38:in `call_app'
railties (6.0.2.2) lib/rails/rack/logger.rb:26:in `block in call'
activesupport (6.0.2.2) lib/active_support/tagged_logging.rb:80:in `block in tagged'
activesupport (6.0.2.2) lib/active_support/tagged_logging.rb:28:in `tagged'
activesupport (6.0.2.2) lib/active_support/tagged_logging.rb:80:in `tagged'
railties (6.0.2.2) lib/rails/rack/logger.rb:26:in `call'
sprockets-rails (3.2.1) lib/sprockets/rails/quiet_assets.rb:13:in `call'
actionpack (6.0.2.2) lib/action_dispatch/middleware/remote_ip.rb:81:in `call'
actionpack (6.0.2.2) lib/action_dispatch/middleware/request_id.rb:27:in `call'
rack (2.2.2) lib/rack/method_override.rb:24:in `call'
rack (2.2.2) lib/rack/runtime.rb:22:in `call'
activesupport (6.0.2.2) lib/active_support/cache/strategy/local_cache_middleware.rb:29:in `call'
actionpack (6.0.2.2) lib/action_dispatch/middleware/executor.rb:14:in `call'
actionpack (6.0.2.2) lib/action_dispatch/middleware/static.rb:126:in `call'
rack (2.2.2) lib/rack/sendfile.rb:110:in `call'
actionpack (6.0.2.2) lib/action_dispatch/middleware/host_authorization.rb:83:in `call'
railties (6.0.2.2) lib/rails/engine.rb:526:in `call'
puma (4.3.3) lib/puma/configuration.rb:228:in `call'
puma (4.3.3) lib/puma/server.rb:682:in `handle_request'
puma (4.3.3) lib/puma/server.rb:472:in `process_client'
puma (4.3.3) lib/puma/server.rb:328:in `block in run'
puma (4.3.3) lib/puma/thread_pool.rb:134:in `block in spawn_thread'
Started GET "/authors/11" for ::1 at 2020-04-09 15:27:16 -0500
  [1m[35m (0.2ms)[0m  [1m[34mSELECT sqlite_version(*)[0m
Processing by AuthorsController#show as HTML
  Parameters: {"id"=>"11"}
  [1m[36mAuthor Load (0.5ms)[0m  [1m[34mSELECT "authors".* FROM "authors" WHERE "authors"."id" = ? LIMIT ?[0m  [["id", 11], ["LIMIT", 1]]
  ↳ app/controllers/authors_controller.rb:8:in `show'
  Rendering authors/show.html.erb within layouts/application
  Rendered authors/show.html.erb within layouts/application (Duration: 10.1ms | Allocations: 2308)
Completed 500 Internal Server Error in 36ms (ActiveRecord: 1.8ms | Allocations: 6574)


  
ActionView::Template::Error (undefined method `authors' for #<Author id: 11, name: "Major Corwin">):
    1: <h1><%= @author.name %></h1>
    2: <h3>Books:</h3>
    3: <ul>
    4: <% @author.authors.each do | book | %>
    5:     <li><%= book.name %></li >
    6: <% end %>
    7: </ul>
  
app/views/authors/show.html.erb:4
Started GET "/authors/11" for ::1 at 2020-04-09 15:27:30 -0500
Processing by AuthorsController#show as HTML
  Parameters: {"id"=>"11"}
  [1m[36mAuthor Load (0.1ms)[0m  [1m[34mSELECT "authors".* FROM "authors" WHERE "authors"."id" = ? LIMIT ?[0m  [["id", 11], ["LIMIT", 1]]
  ↳ app/controllers/authors_controller.rb:8:in `show'
  Rendering authors/show.html.erb within layouts/application
  [1m[36mBook Load (0.5ms)[0m  [1m[34mSELECT "books".* FROM "books" INNER JOIN "contributions" ON "books"."id" = "contributions"."book_id" WHERE "contributions"."author_id" = ?[0m  [["author_id", 11]]
  ↳ app/views/authors/show.html.erb:4
  Rendered authors/show.html.erb within layouts/application (Duration: 17.4ms | Allocations: 7370)
Completed 200 OK in 28ms (Views: 23.8ms | ActiveRecord: 1.3ms | Allocations: 10543)


Started GET "/books/7" for ::1 at 2020-04-09 15:27:37 -0500
Processing by BooksController#show as HTML
  Parameters: {"id"=>"7"}
  [1m[36mBook Load (0.8ms)[0m  [1m[34mSELECT "books".* FROM "books" WHERE "books"."id" = ? LIMIT ?[0m  [["id", 7], ["LIMIT", 1]]
  ↳ app/controllers/books_controller.rb:8:in `show'
  Rendering books/show.html.erb within layouts/application
  [1m[36mGenre Load (0.1ms)[0m  [1m[34mSELECT "genres".* FROM "genres" WHERE "genres"."id" = ? LIMIT ?[0m  [["id", 10], ["LIMIT", 1]]
  ↳ app/views/books/show.html.erb:2
  [1m[36mAuthor Load (0.2ms)[0m  [1m[34mSELECT "authors".* FROM "authors" INNER JOIN "contributions" ON "authors"."id" = "contributions"."author_id" WHERE "contributions"."book_id" = ?[0m  [["book_id", 7]]
  ↳ app/views/books/show.html.erb:5
  Rendered books/show.html.erb within layouts/application (Duration: 10.7ms | Allocations: 5474)
Completed 200 OK in 18ms (Views: 14.4ms | ActiveRecord: 1.8ms | Allocations: 8404)


Started GET "/books/9" for ::1 at 2020-04-09 15:27:40 -0500
Processing by BooksController#show as HTML
  Parameters: {"id"=>"9"}
  [1m[36mBook Load (0.1ms)[0m  [1m[34mSELECT "books".* FROM "books" WHERE "books"."id" = ? LIMIT ?[0m  [["id", 9], ["LIMIT", 1]]
  ↳ app/controllers/books_controller.rb:8:in `show'
  Rendering books/show.html.erb within layouts/application
  [1m[36mGenre Load (0.1ms)[0m  [1m[34mSELECT "genres".* FROM "genres" WHERE "genres"."id" = ? LIMIT ?[0m  [["id", 6], ["LIMIT", 1]]
  ↳ app/views/books/show.html.erb:2
  [1m[36mAuthor Load (0.1ms)[0m  [1m[34mSELECT "authors".* FROM "authors" INNER JOIN "contributions" ON "authors"."id" = "contributions"."author_id" WHERE "contributions"."book_id" = ?[0m  [["book_id", 9]]
  ↳ app/views/books/show.html.erb:5
  Rendered books/show.html.erb within layouts/application (Duration: 3.1ms | Allocations: 1554)
Completed 200 OK in 9ms (Views: 7.6ms | ActiveRecord: 0.4ms | Allocations: 3798)


Started GET "/authors/11" for ::1 at 2020-04-09 15:27:41 -0500
Processing by AuthorsController#show as HTML
  Parameters: {"id"=>"11"}
  [1m[36mAuthor Load (0.3ms)[0m  [1m[34mSELECT "authors".* FROM "authors" WHERE "authors"."id" = ? LIMIT ?[0m  [["id", 11], ["LIMIT", 1]]
  ↳ app/controllers/authors_controller.rb:8:in `show'
  Rendering authors/show.html.erb within layouts/application
  [1m[36mBook Load (0.1ms)[0m  [1m[34mSELECT "books".* FROM "books" INNER JOIN "contributions" ON "books"."id" = "contributions"."book_id" WHERE "contributions"."author_id" = ?[0m  [["author_id", 11]]
  ↳ app/views/authors/show.html.erb:4
  Rendered authors/show.html.erb within layouts/application (Duration: 1.9ms | Allocations: 881)
Completed 200 OK in 9ms (Views: 5.2ms | ActiveRecord: 0.4ms | Allocations: 3132)


Started GET "/authors/" for ::1 at 2020-04-09 15:28:06 -0500
Processing by AuthorsController#index as HTML
  Rendering authors/index.html.erb within layouts/application
  [1m[36mAuthor Load (0.3ms)[0m  [1m[34mSELECT "authors".* FROM "authors"[0m
  ↳ app/views/authors/index.html.erb:3
  Rendered authors/index.html.erb within layouts/application (Duration: 4.4ms | Allocations: 832)
Completed 200 OK in 9ms (Views: 7.9ms | ActiveRecord: 0.3ms | Allocations: 2732)


Started GET "/authors/8" for ::1 at 2020-04-09 15:28:07 -0500
Processing by AuthorsController#show as HTML
  Parameters: {"id"=>"8"}
  [1m[36mAuthor Load (0.1ms)[0m  [1m[34mSELECT "authors".* FROM "authors" WHERE "authors"."id" = ? LIMIT ?[0m  [["id", 8], ["LIMIT", 1]]
  ↳ app/controllers/authors_controller.rb:8:in `show'
  Rendering authors/show.html.erb within layouts/application
  [1m[36mBook Load (0.1ms)[0m  [1m[34mSELECT "books".* FROM "books" INNER JOIN "contributions" ON "books"."id" = "contributions"."book_id" WHERE "contributions"."author_id" = ?[0m  [["author_id", 8]]
  ↳ app/views/authors/show.html.erb:4
  Rendered authors/show.html.erb within layouts/application (Duration: 2.1ms | Allocations: 880)
Completed 200 OK in 8ms (Views: 6.8ms | ActiveRecord: 0.3ms | Allocations: 3127)


Started GET "/books/new" for ::1 at 2020-04-09 15:33:03 -0500
  [1m[35m (0.1ms)[0m  [1m[34mSELECT sqlite_version(*)[0m
Processing by BooksController#new as HTML
  Rendering books/new.html.erb within layouts/application
  Rendered books/new.html.erb within layouts/application (Duration: 1.1ms | Allocations: 1378)
Completed 500 Internal Server Error in 5ms (ActiveRecord: 0.0ms | Allocations: 3203)


  
ActionView::Template::Error (undefined method `each' for nil:NilClass):
     6:     <div>
     7:         <label>Genre:</label>
     8:        <select>
     9:         <% @genres.each do | genre | %>
    10:             <option value="<%= genre.id %>">
    11:                 <%= genre.name %>
    12:             </option>
  
app/views/books/new.html.erb:9
Started GET "/books/new" for ::1 at 2020-04-09 15:33:22 -0500
  [1m[35m (0.1ms)[0m  [1m[34mSELECT sqlite_version(*)[0m
Processing by BooksController#new as HTML
  Rendering books/new.html.erb within layouts/application
  [1m[36mGenre Load (0.2ms)[0m  [1m[34mSELECT "genres".* FROM "genres"[0m
  ↳ app/views/books/new.html.erb:9
  Rendered books/new.html.erb within layouts/application (Duration: 3.6ms | Allocations: 2059)
Completed 200 OK in 10ms (Views: 6.0ms | ActiveRecord: 0.8ms | Allocations: 4953)


Started GET "/books/new" for ::1 at 2020-04-09 15:34:57 -0500
  [1m[35m (0.1ms)[0m  [1m[34mSELECT sqlite_version(*)[0m
Processing by BooksController#new as HTML
  Rendering books/new.html.erb within layouts/application
  [1m[36mGenre Load (0.2ms)[0m  [1m[34mSELECT "genres".* FROM "genres"[0m
  ↳ app/views/books/new.html.erb:9
  Rendered books/new.html.erb within layouts/application (Duration: 7.7ms | Allocations: 3493)
Completed 500 Internal Server Error in 17ms (ActiveRecord: 0.8ms | Allocations: 6490)


  
ActionView::Template::Error (undefined method `each' for nil:NilClass):
    15:     </div>
    16:     <div>
    17:         <label>Author:</label>
    18:         <% @authors.each do | author | %>
    19:             <input type="checkbox" /> <%= author.name %>
    20:         <% end %>
    21:     </div>
  
app/views/books/new.html.erb:18
Started GET "/books/new" for ::1 at 2020-04-09 15:35:05 -0500
  [1m[35m (0.1ms)[0m  [1m[34mSELECT sqlite_version(*)[0m
Processing by BooksController#new as HTML
  Rendering books/new.html.erb within layouts/application
  [1m[36mGenre Load (0.3ms)[0m  [1m[34mSELECT "genres".* FROM "genres"[0m
  ↳ app/views/books/new.html.erb:9
  [1m[36mAuthor Load (0.3ms)[0m  [1m[34mSELECT "authors".* FROM "authors"[0m
  ↳ app/views/books/new.html.erb:18
  Rendered books/new.html.erb within layouts/application (Duration: 17.2ms | Allocations: 3895)
Completed 200 OK in 31ms (Views: 21.6ms | ActiveRecord: 3.3ms | Allocations: 7953)


Started GET "/books/new" for ::1 at 2020-04-09 15:36:45 -0500
Processing by BooksController#new as HTML
  Rendering books/new.html.erb within layouts/application
  [1m[36mGenre Load (0.3ms)[0m  [1m[34mSELECT "genres".* FROM "genres"[0m
  ↳ app/views/books/new.html.erb:9
  [1m[36mAuthor Load (0.1ms)[0m  [1m[34mSELECT "authors".* FROM "authors"[0m
  ↳ app/views/books/new.html.erb:18
  Rendered books/new.html.erb within layouts/application (Duration: 4.7ms | Allocations: 1499)
Completed 200 OK in 14ms (Views: 11.6ms | ActiveRecord: 0.4ms | Allocations: 4166)


Started GET "/books/new" for ::1 at 2020-04-09 15:37:01 -0500
Processing by BooksController#new as HTML
  Rendering books/new.html.erb within layouts/application
  [1m[36mGenre Load (0.4ms)[0m  [1m[34mSELECT "genres".* FROM "genres"[0m
  ↳ app/views/books/new.html.erb:9
  [1m[36mAuthor Load (0.2ms)[0m  [1m[34mSELECT "authors".* FROM "authors"[0m
  ↳ app/views/books/new.html.erb:18
  Rendered books/new.html.erb within layouts/application (Duration: 4.8ms | Allocations: 1246)
Completed 200 OK in 16ms (Views: 14.8ms | ActiveRecord: 0.6ms | Allocations: 3009)


Started GET "/books/new" for ::1 at 2020-04-09 15:37:14 -0500
Processing by BooksController#new as HTML
  Rendering books/new.html.erb within layouts/application
  [1m[36mGenre Load (0.4ms)[0m  [1m[34mSELECT "genres".* FROM "genres"[0m
  ↳ app/views/books/new.html.erb:9
  [1m[36mAuthor Load (0.2ms)[0m  [1m[34mSELECT "authors".* FROM "authors"[0m
  ↳ app/views/books/new.html.erb:18
  Rendered books/new.html.erb within layouts/application (Duration: 5.4ms | Allocations: 1246)
Completed 200 OK in 26ms (Views: 24.6ms | ActiveRecord: 0.6ms | Allocations: 3017)


Started GET "/books/new" for ::1 at 2020-04-09 15:40:43 -0500
  [1m[35m (0.1ms)[0m  [1m[34mSELECT sqlite_version(*)[0m
Processing by BooksController#new as HTML
  Rendering books/new.html.erb within layouts/application
  [1m[36mGenre Load (0.2ms)[0m  [1m[34mSELECT "genres".* FROM "genres"[0m
  ↳ app/views/books/new.html.erb:9
  [1m[36mAuthor Load (0.1ms)[0m  [1m[34mSELECT "authors".* FROM "authors"[0m
  ↳ app/views/books/new.html.erb:18
  Rendered books/new.html.erb within layouts/application (Duration: 7.5ms | Allocations: 4176)
Completed 200 OK in 33ms (Views: 22.2ms | ActiveRecord: 1.3ms | Allocations: 8840)


Started GET "/books/new" for ::1 at 2020-04-09 15:40:50 -0500
Processing by BooksController#new as HTML
  Rendering books/new.html.erb within layouts/application
  [1m[36mGenre Load (0.2ms)[0m  [1m[34mSELECT "genres".* FROM "genres"[0m
  ↳ app/views/books/new.html.erb:9
  [1m[36mAuthor Load (0.1ms)[0m  [1m[34mSELECT "authors".* FROM "authors"[0m
  ↳ app/views/books/new.html.erb:18
  Rendered books/new.html.erb within layouts/application (Duration: 2.7ms | Allocations: 1246)
Completed 200 OK in 7ms (Views: 5.9ms | ActiveRecord: 0.3ms | Allocations: 2994)


Started GET "/books/new" for ::1 at 2020-04-09 15:40:51 -0500
Processing by BooksController#new as HTML
  Rendering books/new.html.erb within layouts/application
  [1m[36mGenre Load (0.1ms)[0m  [1m[34mSELECT "genres".* FROM "genres"[0m
  ↳ app/views/books/new.html.erb:9
  [1m[36mAuthor Load (0.1ms)[0m  [1m[34mSELECT "authors".* FROM "authors"[0m
  ↳ app/views/books/new.html.erb:18
  Rendered books/new.html.erb within layouts/application (Duration: 3.2ms | Allocations: 1246)
Completed 200 OK in 9ms (Views: 8.5ms | ActiveRecord: 0.3ms | Allocations: 2999)


Started POST "/books" for ::1 at 2020-04-09 15:40:56 -0500
Processing by BooksController#create as HTML
  Parameters: {"title"=>"LOTR", "genre"=>"6", "author"=>["7"]}
No template found for BooksController#create, rendering head :no_content
Completed 204 No Content in 3ms (ActiveRecord: 0.0ms | Allocations: 1473)


Started GET "/books/new" for ::1 at 2020-04-09 15:44:45 -0500
  [1m[35m (0.3ms)[0m  [1m[34mSELECT sqlite_version(*)[0m
Processing by BooksController#new as HTML
  Rendering books/new.html.erb within layouts/application
  [1m[36mGenre Load (0.2ms)[0m  [1m[34mSELECT "genres".* FROM "genres"[0m
  ↳ app/views/books/new.html.erb:9
  [1m[36mAuthor Load (0.2ms)[0m  [1m[34mSELECT "authors".* FROM "authors"[0m
  ↳ app/views/books/new.html.erb:18
  Rendered books/new.html.erb within layouts/application (Duration: 14.3ms | Allocations: 4173)
Completed 200 OK in 26ms (Views: 17.7ms | ActiveRecord: 3.0ms | Allocations: 8836)


Started POST "/books" for ::1 at 2020-04-09 15:44:50 -0500
Processing by BooksController#create as HTML
  Parameters: {"name"=>"LOTR", "genre_id"=>"6", "author_ids"=>["11"]}
  [1m[36mAuthor Load (0.2ms)[0m  [1m[34mSELECT "authors".* FROM "authors" WHERE "authors"."id" = ?[0m  [["id", 11]]
  ↳ app/controllers/books_controller.rb:19:in `create'
  [1m[35m (0.1ms)[0m  [1m[36mbegin transaction[0m
  ↳ app/controllers/books_controller.rb:19:in `create'
  [1m[36mGenre Load (0.3ms)[0m  [1m[34mSELECT "genres".* FROM "genres" WHERE "genres"."id" = ? LIMIT ?[0m  [["id", 6], ["LIMIT", 1]]
  ↳ app/controllers/books_controller.rb:19:in `create'
  [1m[36mBook Create (0.9ms)[0m  [1m[32mINSERT INTO "books" ("name", "genre_id") VALUES (?, ?)[0m  [["name", "LOTR"], ["genre_id", 6]]
  ↳ app/controllers/books_controller.rb:19:in `create'
  [1m[36mContribution Create (0.2ms)[0m  [1m[32mINSERT INTO "contributions" ("author_id", "book_id") VALUES (?, ?)[0m  [["author_id", 11], ["book_id", 11]]
  ↳ app/controllers/books_controller.rb:19:in `create'
  [1m[35m (1.4ms)[0m  [1m[36mcommit transaction[0m
  ↳ app/controllers/books_controller.rb:19:in `create'
Redirected to http://localhost:3000/books
Completed 302 Found in 40ms (ActiveRecord: 4.5ms | Allocations: 14750)


Started GET "/books" for ::1 at 2020-04-09 15:44:50 -0500
Processing by BooksController#index as HTML
  Rendering books/index.html.erb within layouts/application
  [1m[36mBook Load (0.3ms)[0m  [1m[34mSELECT "books".* FROM "books"[0m
  ↳ app/views/books/index.html.erb:3
  Rendered books/index.html.erb within layouts/application (Duration: 3.9ms | Allocations: 985)
Completed 200 OK in 9ms (Views: 7.7ms | ActiveRecord: 0.3ms | Allocations: 2876)


Started GET "/books/11" for ::1 at 2020-04-09 15:44:51 -0500
Processing by BooksController#show as HTML
  Parameters: {"id"=>"11"}
  [1m[36mBook Load (0.3ms)[0m  [1m[34mSELECT "books".* FROM "books" WHERE "books"."id" = ? LIMIT ?[0m  [["id", 11], ["LIMIT", 1]]
  ↳ app/controllers/books_controller.rb:9:in `show'
  Rendering books/show.html.erb within layouts/application
  [1m[36mGenre Load (0.2ms)[0m  [1m[34mSELECT "genres".* FROM "genres" WHERE "genres"."id" = ? LIMIT ?[0m  [["id", 6], ["LIMIT", 1]]
  ↳ app/views/books/show.html.erb:2
  [1m[36mAuthor Load (1.4ms)[0m  [1m[34mSELECT "authors".* FROM "authors" INNER JOIN "contributions" ON "authors"."id" = "contributions"."author_id" WHERE "contributions"."book_id" = ?[0m  [["book_id", 11]]
  ↳ app/views/books/show.html.erb:5
  Rendered books/show.html.erb within layouts/application (Duration: 8.9ms | Allocations: 2013)
Completed 200 OK in 28ms (Views: 10.3ms | ActiveRecord: 1.9ms | Allocations: 4502)


Started GET "/books/new" for ::1 at 2020-04-09 15:47:23 -0500
  [1m[35m (0.2ms)[0m  [1m[34mSELECT sqlite_version(*)[0m
Processing by BooksController#new as HTML
  Rendering books/new.html.erb within layouts/application
  Rendered books/new.html.erb within layouts/application (Duration: 1.2ms | Allocations: 948)
Completed 500 Internal Server Error in 20ms (ActiveRecord: 1.2ms | Allocations: 7341)


  
ActionView::SyntaxErrorInTemplate (Encountered a syntax error while rendering template: check <%= form_with( model: @book ) %>
    
<% end %>
):
1:    <%= form_with( model: @book ) %>
2:        
3:    <% end %>
  
app/views/books/new.html.erb:5: syntax error, unexpected end, expecting end-of-input
app/views/books/new.html.erb:5: syntax error, unexpected end, expecting end-of-input
app/views/books/new.html.erb:5: syntax error, unexpected end, expecting end-of-input
app/views/books/new.html.erb:5: syntax error, unexpected end, expecting end-of-input
app/views/books/new.html.erb:5: syntax error, unexpected end, expecting end-of-input
app/views/books/new.html.erb:5: syntax error, unexpected end, expecting end-of-input
Started GET "/books/new" for ::1 at 2020-04-09 15:47:35 -0500
Processing by BooksController#new as HTML
  Rendering books/new.html.erb within layouts/application
  Rendered books/new.html.erb within layouts/application (Duration: 2.1ms | Allocations: 620)
Completed 200 OK in 10ms (Views: 8.9ms | ActiveRecord: 0.0ms | Allocations: 3041)


Started GET "/books/new" for ::1 at 2020-04-09 15:54:00 -0500
  [1m[35m (0.1ms)[0m  [1m[34mSELECT sqlite_version(*)[0m
Processing by BooksController#new as HTML
  Rendering books/new.html.erb within layouts/application
  Rendered books/new.html.erb within layouts/application (Duration: 1.2ms | Allocations: 1006)
Completed 500 Internal Server Error in 25ms (ActiveRecord: 0.0ms | Allocations: 7111)


  
ActionView::SyntaxErrorInTemplate (Encountered a syntax error while rendering template: check <%= form_with( model: @book ) do | form | %>
    <div>
        <label>Title:</label>
       <%= form.text_field(:name) %>
    </div>
     <div>
        <label>Genre:</label>
       <%= form.collection_select(:x, @genres, :id, :name ) %>
    </div>
     <div>
        <label>Author:</label>
       <%= form. %>
    </div>
<% end %>
):
1:    <%= form_with( model: @book ) do | form | %>
2:        <div>
3:            <label>Title:</label>
4:           <%= form.text_field(:name) %>
5:        </div>
6:         <div>
7:            <label>Genre:</label>
8:           <%= form.collection_select(:x, @genres, :id, :name ) %>
9:        </div>
10:         <div>
11:            <label>Author:</label>
12:           <%= form. %>
13:        </div>
14:    <% end %>
  
app/views/books/new.html.erb:12: syntax error, unexpected ')'
app/views/books/new.html.erb:14: syntax error, unexpected end, expecting ')'
app/views/books/new.html.erb:16: syntax error, unexpected end, expecting ')'
app/views/books/new.html.erb:12: syntax error, unexpected ')'
app/views/books/new.html.erb:14: syntax error, unexpected end, expecting ')'
app/views/books/new.html.erb:16: syntax error, unexpected end, expecting ')'
app/views/books/new.html.erb:12: syntax error, unexpected ')'
app/views/books/new.html.erb:14: syntax error, unexpected end, expecting ')'
app/views/books/new.html.erb:16: syntax error, unexpected end, expecting ')'
app/views/books/new.html.erb:12: syntax error, unexpected ')'
app/views/books/new.html.erb:14: syntax error, unexpected end, expecting ')'
app/views/books/new.html.erb:16: syntax error, unexpected end, expecting ')'
app/views/books/new.html.erb:12: syntax error, unexpected ')'
app/views/books/new.html.erb:14: syntax error, unexpected end, expecting ')'
app/views/books/new.html.erb:16: syntax error, unexpected end, expecting ')'
app/views/books/new.html.erb:12: syntax error, unexpected ')'
app/views/books/new.html.erb:14: syntax error, unexpected end, expecting ')'
app/views/books/new.html.erb:16: syntax error, unexpected end, expecting ')'
Started GET "/books/new" for ::1 at 2020-04-09 15:54:10 -0500
Processing by BooksController#new as HTML
  Rendering books/new.html.erb within layouts/application
  [1m[36mGenre Load (0.3ms)[0m  [1m[34mSELECT "genres".* FROM "genres"[0m
  ↳ app/views/books/new.html.erb:8
  Rendered books/new.html.erb within layouts/application (Duration: 11.4ms | Allocations: 3009)
Completed 200 OK in 18ms (Views: 16.6ms | ActiveRecord: 0.8ms | Allocations: 5430)


Started GET "/books/new" for ::1 at 2020-04-09 15:54:41 -0500
Processing by BooksController#new as HTML
  Rendering books/new.html.erb within layouts/application
  [1m[36mGenre Load (0.2ms)[0m  [1m[34mSELECT "genres".* FROM "genres"[0m
  ↳ app/views/books/new.html.erb:8
  [1m[36mAuthor Load (0.8ms)[0m  [1m[34mSELECT "authors".* FROM "authors"[0m
  ↳ app/views/books/new.html.erb:12
  Rendered books/new.html.erb within layouts/application (Duration: 52.1ms | Allocations: 10766)
Completed 200 OK in 61ms (Views: 57.8ms | ActiveRecord: 2.1ms | Allocations: 13181)


Started GET "/books/new" for ::1 at 2020-04-09 15:54:52 -0500
Processing by BooksController#new as HTML
  Rendering books/new.html.erb within layouts/application
  [1m[36mGenre Load (0.1ms)[0m  [1m[34mSELECT "genres".* FROM "genres"[0m
  ↳ app/views/books/new.html.erb:8
  [1m[36mAuthor Load (0.1ms)[0m  [1m[34mSELECT "authors".* FROM "authors"[0m
  ↳ app/views/books/new.html.erb:12
  Rendered books/new.html.erb within layouts/application (Duration: 653.5ms | Allocations: 184057)
Completed 200 OK in 665ms (Views: 663.0ms | ActiveRecord: 0.2ms | Allocations: 186484)


Started POST "/books" for ::1 at 2020-04-09 15:55:02 -0500
Processing by BooksController#create as HTML
  Parameters: {"authenticity_token"=>"EZgPaNyQmclGDJZ+iAyk5B5PI5ahtjrQ3BGTiSRU/56FRHbXXs3S5b84hwBP98EOTdu9t1u7XOo1i3l/GS8IIA==", "book"=>{"name"=>"Chronicles of Narnia", "genre_id"=>"6", "author_ids"=>["", "9", "10"]}, "commit"=>"Create Book"}
  [1m[36mAuthor Load (0.2ms)[0m  [1m[34mSELECT "authors".* FROM "authors" WHERE 1=0[0m
  ↳ app/controllers/books_controller.rb:19:in `create'
Redirected to http://localhost:3000/books
Completed 302 Found in 6ms (ActiveRecord: 0.2ms | Allocations: 2269)


Started GET "/books" for ::1 at 2020-04-09 15:55:02 -0500
Processing by BooksController#index as HTML
  Rendering books/index.html.erb within layouts/application
  [1m[36mBook Load (0.2ms)[0m  [1m[34mSELECT "books".* FROM "books"[0m
  ↳ app/views/books/index.html.erb:3
  Rendered books/index.html.erb within layouts/application (Duration: 5.6ms | Allocations: 984)
Completed 200 OK in 10ms (Views: 8.5ms | ActiveRecord: 0.2ms | Allocations: 2897)


Started POST "/books" for ::1 at 2020-04-09 15:56:20 -0500
  [1m[35m (0.1ms)[0m  [1m[34mSELECT sqlite_version(*)[0m
Processing by BooksController#create as HTML
  Parameters: {"authenticity_token"=>"EZgPaNyQmclGDJZ+iAyk5B5PI5ahtjrQ3BGTiSRU/56FRHbXXs3S5b84hwBP98EOTdu9t1u7XOo1i3l/GS8IIA==", "book"=>{"name"=>"Chronicles of Narnia", "genre_id"=>"6", "author_ids"=>["", "9", "10"]}, "commit"=>"Create Book"}
  [1m[36mAuthor Load (4.9ms)[0m  [1m[34mSELECT "authors".* FROM "authors" WHERE "authors"."id" IN (?, ?)[0m  [["id", 9], ["id", 10]]
  ↳ app/controllers/books_controller.rb:19:in `create'
  [1m[35m (0.1ms)[0m  [1m[36mbegin transaction[0m
  ↳ app/controllers/books_controller.rb:19:in `create'
  [1m[36mGenre Load (0.1ms)[0m  [1m[34mSELECT "genres".* FROM "genres" WHERE "genres"."id" = ? LIMIT ?[0m  [["id", 6], ["LIMIT", 1]]
  ↳ app/controllers/books_controller.rb:19:in `create'
  [1m[36mBook Create (0.3ms)[0m  [1m[32mINSERT INTO "books" ("name", "genre_id") VALUES (?, ?)[0m  [["name", "Chronicles of Narnia"], ["genre_id", 6]]
  ↳ app/controllers/books_controller.rb:19:in `create'
  [1m[36mContribution Create (0.1ms)[0m  [1m[32mINSERT INTO "contributions" ("author_id", "book_id") VALUES (?, ?)[0m  [["author_id", 9], ["book_id", 12]]
  ↳ app/controllers/books_controller.rb:19:in `create'
  [1m[36mContribution Create (0.2ms)[0m  [1m[32mINSERT INTO "contributions" ("author_id", "book_id") VALUES (?, ?)[0m  [["author_id", 10], ["book_id", 12]]
  ↳ app/controllers/books_controller.rb:19:in `create'
  [1m[35m (1.6ms)[0m  [1m[36mcommit transaction[0m
  ↳ app/controllers/books_controller.rb:19:in `create'
Redirected to http://localhost:3000/books
Completed 302 Found in 70ms (ActiveRecord: 9.8ms | Allocations: 20330)


Started GET "/books" for ::1 at 2020-04-09 15:56:20 -0500
Processing by BooksController#index as HTML
  Rendering books/index.html.erb within layouts/application
  [1m[36mBook Load (0.3ms)[0m  [1m[34mSELECT "books".* FROM "books"[0m
  ↳ app/views/books/index.html.erb:3
  Rendered books/index.html.erb within layouts/application (Duration: 2.9ms | Allocations: 867)
Completed 200 OK in 10ms (Views: 9.4ms | ActiveRecord: 0.3ms | Allocations: 2775)


Started GET "/books/12" for ::1 at 2020-04-09 15:56:23 -0500
Processing by BooksController#show as HTML
  Parameters: {"id"=>"12"}
  [1m[36mBook Load (0.3ms)[0m  [1m[34mSELECT "books".* FROM "books" WHERE "books"."id" = ? LIMIT ?[0m  [["id", 12], ["LIMIT", 1]]
  ↳ app/controllers/books_controller.rb:9:in `show'
  Rendering books/show.html.erb within layouts/application
  [1m[36mGenre Load (0.2ms)[0m  [1m[34mSELECT "genres".* FROM "genres" WHERE "genres"."id" = ? LIMIT ?[0m  [["id", 6], ["LIMIT", 1]]
  ↳ app/views/books/show.html.erb:2
  [1m[36mAuthor Load (0.2ms)[0m  [1m[34mSELECT "authors".* FROM "authors" INNER JOIN "contributions" ON "authors"."id" = "contributions"."author_id" WHERE "contributions"."book_id" = ?[0m  [["book_id", 12]]
  ↳ app/views/books/show.html.erb:5
  Rendered books/show.html.erb within layouts/application (Duration: 5.7ms | Allocations: 2034)
Completed 200 OK in 14ms (Views: 8.4ms | ActiveRecord: 0.7ms | Allocations: 4517)


Started GET "/books/12" for ::1 at 2020-04-09 15:59:38 -0500
  [1m[35m (0.1ms)[0m  [1m[34mSELECT sqlite_version(*)[0m
Processing by BooksController#show as HTML
  Parameters: {"id"=>"12"}
  [1m[36mBook Load (0.1ms)[0m  [1m[34mSELECT "books".* FROM "books" WHERE "books"."id" = ? LIMIT ?[0m  [["id", 12], ["LIMIT", 1]]
  ↳ app/controllers/books_controller.rb:9:in `show'
  Rendering books/show.html.erb within layouts/application
  [1m[36mGenre Load (0.7ms)[0m  [1m[34mSELECT "genres".* FROM "genres" WHERE "genres"."id" = ? LIMIT ?[0m  [["id", 6], ["LIMIT", 1]]
  ↳ app/views/books/show.html.erb:2
  [1m[36mAuthor Load (0.2ms)[0m  [1m[34mSELECT "authors".* FROM "authors" INNER JOIN "contributions" ON "authors"."id" = "contributions"."author_id" WHERE "contributions"."book_id" = ?[0m  [["book_id", 12]]
  ↳ app/views/books/show.html.erb:5
  Rendered books/show.html.erb within layouts/application (Duration: 34.4ms | Allocations: 10111)
Completed 200 OK in 72ms (Views: 47.1ms | ActiveRecord: 5.8ms | Allocations: 16641)


Started DELETE "/books/12" for ::1 at 2020-04-09 15:59:40 -0500
Processing by BooksController#destroy as HTML
  Parameters: {"authenticity_token"=>"Oyp/AKNFVvMOixPRxJMJbI7oaWMIyzIo6J1ksj2+mo4E+95y3krs7omSPhh0qZ38dnXjOHTTkySy2irP5YynkA==", "commit"=>"Delete", "id"=>"12"}
  [1m[36mBook Load (0.1ms)[0m  [1m[34mSELECT "books".* FROM "books" WHERE "books"."id" = ? LIMIT ?[0m  [["id", 12], ["LIMIT", 1]]
  ↳ app/controllers/books_controller.rb:28:in `destroy'
  [1m[35m (0.1ms)[0m  [1m[36mbegin transaction[0m
  ↳ app/controllers/books_controller.rb:29:in `destroy'
  [1m[36mBook Destroy (0.4ms)[0m  [1m[31mDELETE FROM "books" WHERE "books"."id" = ?[0m  [["id", 12]]
  ↳ app/controllers/books_controller.rb:29:in `destroy'
  [1m[35m (2.4ms)[0m  [1m[36mcommit transaction[0m
  ↳ app/controllers/books_controller.rb:29:in `destroy'
Redirected to http://localhost:3000/books
Completed 302 Found in 8ms (ActiveRecord: 3.0ms | Allocations: 2263)


Started GET "/books" for ::1 at 2020-04-09 15:59:40 -0500
Processing by BooksController#index as HTML
  Rendering books/index.html.erb within layouts/application
  [1m[36mBook Load (0.3ms)[0m  [1m[34mSELECT "books".* FROM "books"[0m
  ↳ app/views/books/index.html.erb:3
  Rendered books/index.html.erb within layouts/application (Duration: 17.7ms | Allocations: 973)
Completed 200 OK in 24ms (Views: 22.5ms | ActiveRecord: 0.3ms | Allocations: 2858)


Started GET "/books/6" for ::1 at 2020-04-09 15:59:42 -0500
Processing by BooksController#show as HTML
  Parameters: {"id"=>"6"}
  [1m[36mBook Load (0.2ms)[0m  [1m[34mSELECT "books".* FROM "books" WHERE "books"."id" = ? LIMIT ?[0m  [["id", 6], ["LIMIT", 1]]
  ↳ app/controllers/books_controller.rb:9:in `show'
  Rendering books/show.html.erb within layouts/application
  [1m[36mGenre Load (0.1ms)[0m  [1m[34mSELECT "genres".* FROM "genres" WHERE "genres"."id" = ? LIMIT ?[0m  [["id", 8], ["LIMIT", 1]]
  ↳ app/views/books/show.html.erb:2
  [1m[36mAuthor Load (0.2ms)[0m  [1m[34mSELECT "authors".* FROM "authors" INNER JOIN "contributions" ON "authors"."id" = "contributions"."author_id" WHERE "contributions"."book_id" = ?[0m  [["book_id", 6]]
  ↳ app/views/books/show.html.erb:5
  Rendered books/show.html.erb within layouts/application (Duration: 4.9ms | Allocations: 1955)
Completed 200 OK in 9ms (Views: 7.3ms | ActiveRecord: 0.5ms | Allocations: 3935)


Started DELETE "/books/6" for ::1 at 2020-04-09 15:59:43 -0500
Processing by BooksController#destroy as HTML
  Parameters: {"authenticity_token"=>"cB6RYT2Zx3xUqg+HLzIJE5DbvPHJT6WRRZNIpmx7hoX36SSKBsJTvpUOxfl4OTVZYx4mME3pt7rVwHzWmT33BA==", "commit"=>"Delete", "id"=>"6"}
  [1m[36mBook Load (0.2ms)[0m  [1m[34mSELECT "books".* FROM "books" WHERE "books"."id" = ? LIMIT ?[0m  [["id", 6], ["LIMIT", 1]]
  ↳ app/controllers/books_controller.rb:28:in `destroy'
  [1m[35m (0.1ms)[0m  [1m[36mbegin transaction[0m
  ↳ app/controllers/books_controller.rb:29:in `destroy'
  [1m[36mBook Destroy (0.8ms)[0m  [1m[31mDELETE FROM "books" WHERE "books"."id" = ?[0m  [["id", 6]]
  ↳ app/controllers/books_controller.rb:29:in `destroy'
  [1m[35m (7.3ms)[0m  [1m[36mcommit transaction[0m
  ↳ app/controllers/books_controller.rb:29:in `destroy'
Redirected to http://localhost:3000/books
Completed 302 Found in 20ms (ActiveRecord: 8.4ms | Allocations: 2244)


Started GET "/books" for ::1 at 2020-04-09 15:59:43 -0500
Processing by BooksController#index as HTML
  Rendering books/index.html.erb within layouts/application
  [1m[36mBook Load (0.2ms)[0m  [1m[34mSELECT "books".* FROM "books"[0m
  ↳ app/views/books/index.html.erb:3
  Rendered books/index.html.erb within layouts/application (Duration: 2.3ms | Allocations: 798)
Completed 200 OK in 56ms (Views: 54.2ms | ActiveRecord: 0.2ms | Allocations: 2543)


Started GET "/books/2/edit" for ::1 at 2020-04-09 16:01:23 -0500
  [1m[35m (0.1ms)[0m  [1m[34mSELECT sqlite_version(*)[0m
Processing by BooksController#edit as HTML
  Parameters: {"id"=>"2"}
  [1m[36mBook Load (0.2ms)[0m  [1m[34mSELECT "books".* FROM "books" WHERE "books"."id" = ? LIMIT ?[0m  [["id", 2], ["LIMIT", 1]]
  ↳ app/controllers/books_controller.rb:34:in `edit'
  Rendering books/edit.html.erb within layouts/application
  [1m[36mGenre Load (0.2ms)[0m  [1m[34mSELECT "genres".* FROM "genres"[0m
  ↳ app/views/books/edit.html.erb:8
  [1m[36mAuthor Load (0.2ms)[0m  [1m[34mSELECT "authors".* FROM "authors"[0m
  ↳ app/views/books/edit.html.erb:12
  [1m[35m (0.1ms)[0m  [1m[34mSELECT "authors"."id" FROM "authors" INNER JOIN "contributions" ON "authors"."id" = "contributions"."author_id" WHERE "contributions"."book_id" = ?[0m  [["book_id", 2]]
  ↳ app/views/books/edit.html.erb:12
  Rendered books/edit.html.erb within layouts/application (Duration: 25.5ms | Allocations: 9407)
Completed 200 OK in 55ms (Views: 29.2ms | ActiveRecord: 4.7ms | Allocations: 17823)


Started PATCH "/books/2" for ::1 at 2020-04-09 16:01:45 -0500
Processing by BooksController#update as HTML
  Parameters: {"authenticity_token"=>"NdrfXQ+35uOuVEhy8Xn1dpuhyFg8iYJNFk2jQXH9oY/O4LfT40LuRe0ss5w/mNesnufangVQRLoQL7/cMrQVjA==", "book"=>{"name"=>"If I Forget ", "genre_id"=>"10", "author_ids"=>["", "11"]}, "commit"=>"Update Book", "id"=>"2"}
  [1m[36mBook Load (0.3ms)[0m  [1m[34mSELECT "books".* FROM "books" WHERE "books"."id" = ? LIMIT ?[0m  [["id", 2], ["LIMIT", 1]]
  ↳ app/controllers/books_controller.rb:40:in `update'
  [1m[35m (0.1ms)[0m  [1m[36mbegin transaction[0m
  ↳ app/controllers/books_controller.rb:41:in `update'
  [1m[36mAuthor Load (0.7ms)[0m  [1m[34mSELECT "authors".* FROM "authors" WHERE "authors"."id" = ?[0m  [["id", 11]]
  ↳ app/controllers/books_controller.rb:41:in `update'
  [1m[36mAuthor Load (0.2ms)[0m  [1m[34mSELECT "authors".* FROM "authors" INNER JOIN "contributions" ON "authors"."id" = "contributions"."author_id" WHERE "contributions"."book_id" = ?[0m  [["book_id", 2]]
  ↳ app/controllers/books_controller.rb:41:in `update'
  [1m[36mGenre Load (0.1ms)[0m  [1m[34mSELECT "genres".* FROM "genres" WHERE "genres"."id" = ? LIMIT ?[0m  [["id", 10], ["LIMIT", 1]]
  ↳ app/controllers/books_controller.rb:41:in `update'
  [1m[36mBook Update (0.7ms)[0m  [1m[33mUPDATE "books" SET "name" = ? WHERE "books"."id" = ?[0m  [["name", "If I Forget "], ["id", 2]]
  ↳ app/controllers/books_controller.rb:41:in `update'
  [1m[35m (1.6ms)[0m  [1m[36mcommit transaction[0m
  ↳ app/controllers/books_controller.rb:41:in `update'
Redirected to http://localhost:3000/books
Completed 302 Found in 23ms (ActiveRecord: 3.8ms | Allocations: 6585)


Started GET "/books" for ::1 at 2020-04-09 16:01:45 -0500
Processing by BooksController#index as HTML
  Rendering books/index.html.erb within layouts/application
  [1m[36mBook Load (0.2ms)[0m  [1m[34mSELECT "books".* FROM "books"[0m
  ↳ app/views/books/index.html.erb:3
  Rendered books/index.html.erb within layouts/application (Duration: 1.7ms | Allocations: 946)
Completed 200 OK in 4ms (Views: 3.6ms | ActiveRecord: 0.2ms | Allocations: 2831)


